  
   Build_Helper [Arch] [BuildTarget] [BuildCmd]
   Arch: X86 or X64
   BuildTarget: DEBUG or RELEASE
   BuildCmd: NORMAL or CLEAN or REBUILD
   Usage: Build_Helper X86 RELEASE NORMAL
  
            PATH      = D:\_Projects\Merge\Pseudo\OsLoader\EfiBoot\BaseTools\Bin\Win32;D:\Program Files (x86)\Microsoft Visual Studio 14.0\Common7\IDE\CommonExtensions\Microsoft\TestWindow;C:\Program Files (x86)\MSBuild\14.0\bin;C:\Program Files (x86)\MSBuild\14.0\bin;D:\Program Files (x86)\Microsoft Visual Studio 14.0\Common7\IDE\;D:\Program Files (x86)\Microsoft Visual Studio 14.0\VC\BIN;D:\Program Files (x86)\Microsoft Visual Studio 14.0\Common7\Tools;C:\Windows\Microsoft.NET\Framework\v4.0.30319;D:\Program Files (x86)\Microsoft Visual Studio 14.0\VC\VCPackages;C:\Program Files (x86)\HTML Help Workshop;C:\Program Files (x86)\HTML Help Workshop;D:\Program Files (x86)\Microsoft Visual Studio 14.0\Team Tools\Performance Tools;D:\Program Files (x86)\Windows Kits\10\bin\x86;C:\Program Files (x86)\Microsoft SDKs\Windows\v10.0A\bin\NETFX 4.6.1 Tools\;D:\Program Files (x86)\Microsoft Visual Studio 14.0\VC\bin;C:\Program Files (x86)\Windows Kits\8.1\bin\x86;;C:\Program Files (x86)\Microsoft SDKs\Windows\v10.0A\bin\NETFX 4.6.1 Tools;D:\Program Files (x86)\Microsoft Visual Studio 14.0\Common7\tools;D:\Program Files (x86)\Microsoft Visual Studio 14.0\Common7\ide;C:\Program Files (x86)\HTML Help Workshop;;C:\Program Files (x86)\MSBuild\14.0\bin\;C:\Windows\Microsoft.NET\Framework\v4.0.30319\;C:\Windows\SysWow64;;D:\Python27\;D:\Python27\Scripts;C:\Program Files (x86)\Intel\Intel(R) Management Engine Components\iCLS\;C:\Program Files\Intel\Intel(R) Management Engine Components\iCLS\;C:\Windows\system32;C:\Windows;C:\Windows\System32\Wbem;C:\Windows\System32\WindowsPowerShell\v1.0\;C:\Windows\System32\OpenSSH\;C:\Program Files\Intel\WiFi\bin\;C:\Program Files\Common Files\Intel\WirelessCommon\;C:\Program Files (x86)\Intel\Intel(R) Management Engine Components\DAL;C:\Program Files\Intel\Intel(R) Management Engine Components\DAL;C:\Program Files (x86)\Intel\Intel(R) Management Engine Components\IPT;C:\Program Files\Intel\Intel(R) Management Engine Components\IPT;C:\Program Files (x86)\NVIDIA Corporation\PhysX\Common;C:\Program Files (x86)\Microsoft SQL Server\100\Tools\Binn\;C:\Program Files\Microsoft SQL Server\100\Tools\Binn\;C:\Program Files\Microsoft SQL Server\100\DTS\Binn\;C:\Program Files\Microsoft SQL Server\130\Tools\Binn\;D:\Program Files (x86)\Windows Kits\10\Windows Performance Toolkit\;D:\Program Files\Git\cmd;D:\Program Files\Microsoft VS Code\bin;C:\Users\null\.dnx\bin;C:\Program Files\Microsoft DNX\Dnvm\;C:\Users\null\AppData\Local\Microsoft\WindowsApps;D:\Program Files\Bandizip\;C:\Nasm\;
  
       WORKSPACE      = D:\_Projects\Merge\Pseudo\OsLoader\EfiBoot
  EDK_TOOLS_PATH      = D:\_Projects\Merge\Pseudo\OsLoader\EfiBoot\BaseTools
  BASE_TOOLS_PATH     = D:\_Projects\Merge\Pseudo\OsLoader\EfiBoot\BaseTools
   EDK_TOOLS_BIN      = D:\_Projects\Merge\Pseudo\OsLoader\EfiBoot\BaseTools\Bin\Win32
       CONF_PATH      = D:\_Projects\Merge\Pseudo\OsLoader\EfiBoot\Conf
  
  
  !!! WARNING !!! NASM_PREFIX environment variable is not set
    Found nasm.exe, setting the environment variable to C:\nasm\
  
  !!! WARNING !!! No CYGWIN_HOME set, gcc build may not be used !!!
  
  Build environment: Windows-10-10.0.17134
  Build start time: 19:59:06, Aug.10 2018
  
  WORKSPACE        = d:\_projects\merge\pseudo\osloader\efiboot
  ECP_SOURCE       = d:\_projects\merge\pseudo\osloader\efiboot\edkcompatibilitypkg
  EDK_SOURCE       = d:\_projects\merge\pseudo\osloader\efiboot\edkcompatibilitypkg
  EFI_SOURCE       = d:\_projects\merge\pseudo\osloader\efiboot\edkcompatibilitypkg
  EDK_TOOLS_PATH   = d:\_projects\merge\pseudo\osloader\efiboot\basetools
  EDK_TOOLS_BIN    = d:\_projects\merge\pseudo\osloader\efiboot\basetools\bin\win32
  CONF_PATH        = d:\_projects\merge\pseudo\osloader\efiboot\conf
  
  
  Architecture(s)  = IA32
  Build target     = DEBUG
  Toolchain        = VS2015x86
  
  Active Platform          = d:\_projects\merge\pseudo\osloader\efiboot\Nt32Pkg\Nt32Pkg.dsc
  Flash Image Definition   = d:\_projects\merge\pseudo\osloader\efiboot\Nt32Pkg\Nt32Pkg.fdf
  
  Processing meta-data .......... done!
  Building ... d:\_projects\merge\pseudo\osloader\efiboot\MdePkg\Library\BasePeCoffLib\BasePeCoffLib.inf [IA32]
  Building ... d:\_projects\merge\pseudo\osloader\efiboot\MdePkg\Library\BasePeCoffExtraActionLibNull\BasePeCoffExtraActionLibNull.inf [IA32]
  Building ... d:\_projects\merge\pseudo\osloader\efiboot\MdePkg\Library\DxeHobLib\DxeHobLib.inf [IA32]
  Building ... d:\_projects\merge\pseudo\osloader\efiboot\MdePkg\Library\UefiLib\UefiLib.inf [IA32]
  Building ... d:\_projects\merge\pseudo\osloader\efiboot\MdePkg\Library\UefiDevicePathLibDevicePathProtocol\UefiDevicePathLibDevicePathProtocol.inf [IA32]
  Building ... d:\_projects\merge\pseudo\osloader\efiboot\MdePkg\Library\UefiRuntimeServicesTableLib\UefiRuntimeServicesTableLib.inf [IA32]
  Building ... d:\_projects\merge\pseudo\osloader\efiboot\MdePkg\Library\UefiBootServicesTableLib\UefiBootServicesTableLib.inf [IA32]
  Building ... d:\_projects\merge\pseudo\osloader\efiboot\MdePkg\Library\PeiServicesTablePointerLib\PeiServicesTablePointerLib.inf [IA32]
  Building ... d:\_projects\merge\pseudo\osloader\efiboot\MdePkg\Library\BaseDebugLibNull\BaseDebugLibNull.inf [IA32]
  Building ... d:\_projects\merge\pseudo\osloader\efiboot\MdePkg\Library\BasePcdLibNull\BasePcdLibNull.inf [IA32]
  Building ... d:\_projects\merge\pseudo\osloader\efiboot\MdePkg\Library\BasePrintLib\BasePrintLib.inf [IA32]
  Building ... d:\_projects\merge\pseudo\osloader\efiboot\MdePkg\Library\BaseMemoryLibOptDxe\BaseMemoryLibOptDxe.inf [IA32]
  Building ... d:\_projects\merge\pseudo\osloader\efiboot\MdePkg\Library\BaseLib\BaseLib.inf [IA32]
  Building ... d:\_projects\merge\pseudo\osloader\efiboot\MdeModulePkg\Library\PeiReportStatusCodeLib\PeiReportStatusCodeLib.inf [IA32]
  Building ... d:\_projects\merge\pseudo\osloader\efiboot\Nt32Pkg\Library\PeiNt32OemHookStatusCodeLib\PeiNt32OemHookStatusCodeLib.inf [IA32]
  Building ... d:\_projects\merge\pseudo\osloader\efiboot\MdePkg\Library\PeiServicesLib\PeiServicesLib.inf [IA32]
  Building ... d:\_projects\merge\pseudo\osloader\efiboot\MdePkg\Library\PeiMemoryAllocationLib\PeiMemoryAllocationLib.inf [IA32]
  Building ... d:\_projects\merge\pseudo\osloader\efiboot\ShellPkg\Library\UefiShellNetwork2CommandsLib\UefiShellNetwork2CommandsLib.inf [IA32]
  Building ... d:\_projects\merge\pseudo\osloader\efiboot\ShellPkg\Library\UefiShellNetwork1CommandsLib\UefiShellNetwork1CommandsLib.inf [IA32]
  Building ... d:\_projects\merge\pseudo\osloader\efiboot\ShellPkg\Library\UefiShellDebug1CommandsLib\UefiShellDebug1CommandsLib.inf [IA32]
  Building ... d:\_projects\merge\pseudo\osloader\efiboot\ShellPkg\Library\UefiShellInstall1CommandsLib\UefiShellInstall1CommandsLib.inf [IA32]
  Building ... d:\_projects\merge\pseudo\osloader\efiboot\ShellPkg\Library\UefiShellDriver1CommandsLib\UefiShellDriver1CommandsLib.inf [IA32]
  Building ... d:\_projects\merge\pseudo\osloader\efiboot\ShellPkg\Library\UefiShellLevel3CommandsLib\UefiShellLevel3CommandsLib.inf [IA32]
  Building ... d:\_projects\merge\pseudo\osloader\efiboot\ShellPkg\Library\UefiShellLevel1CommandsLib\UefiShellLevel1CommandsLib.inf [IA32]
  Building ... d:\_projects\merge\pseudo\osloader\efiboot\ShellPkg\Library\UefiShellLevel2CommandsLib\UefiShellLevel2CommandsLib.inf [IA32]
  Building ... d:\_projects\merge\pseudo\osloader\efiboot\ShellPkg\Library\UefiShellBcfgCommandLib\UefiShellBcfgCommandLib.inf [IA32]
  Building ... d:\_projects\merge\pseudo\osloader\efiboot\ShellPkg\Library\UefiShellCommandLib\UefiShellCommandLib.inf [IA32]
  Building ... d:\_projects\merge\pseudo\osloader\efiboot\ShellPkg\Library\UefiHandleParsingLib\UefiHandleParsingLib.inf [IA32]
  Building ... d:\_projects\merge\pseudo\osloader\efiboot\ShellPkg\Library\UefiShellLib\UefiShellLib.inf [IA32]
  Building ... d:\_projects\merge\pseudo\osloader\efiboot\MdePkg\Library\UefiFileHandleLib\UefiFileHandleLib.inf [IA32]
  Building ... d:\_projects\merge\pseudo\osloader\efiboot\IntelFrameworkModulePkg\Library\LegacyBootManagerLib\LegacyBootManagerLib.inf [IA32]
  Building ... d:\_projects\merge\pseudo\osloader\efiboot\MdeModulePkg\Library\CustomizedDisplayLib\CustomizedDisplayLib.inf [IA32]
  Building ... d:\_projects\merge\pseudo\osloader\efiboot\MdeModulePkg\Library\BootMaintenanceManagerUiLib\BootMaintenanceManagerUiLib.inf [IA32]
  Building ... d:\_projects\merge\pseudo\osloader\efiboot\MdeModulePkg\Library\BootManagerUiLib\BootManagerUiLib.inf [IA32]
  Building ... d:\_projects\merge\pseudo\osloader\efiboot\MdeModulePkg\Library\DeviceManagerUiLib\DeviceManagerUiLib.inf [IA32]
  Building ... d:\_projects\merge\pseudo\osloader\efiboot\MdeModulePkg\Library\FileExplorerLib\FileExplorerLib.inf [IA32]
  Building ... d:\_projects\merge\pseudo\osloader\efiboot\Nt32Pkg\Library\PlatformBootManagerLib\PlatformBootManagerLib.inf [IA32]
  Building ... d:\_projects\merge\pseudo\osloader\efiboot\MdeModulePkg\Library\BootLogoLib\BootLogoLib.inf [IA32]
  Building ... d:\_projects\merge\pseudo\osloader\efiboot\MdeModulePkg\Library\DxeHttpLib\DxeHttpLib.inf [IA32]
  Building ... d:\_projects\merge\pseudo\osloader\efiboot\MdeModulePkg\Library\DxeIpIoLib\DxeIpIoLib.inf [IA32]
  Building ... d:\_projects\merge\pseudo\osloader\efiboot\MdeModulePkg\Library\DxeUdpIoLib\DxeUdpIoLib.inf [IA32]
  Building ... d:\_projects\merge\pseudo\osloader\efiboot\MdeModulePkg\Library\DxeDpcLib\DxeDpcLib.inf [IA32]
  Building ... d:\_projects\merge\pseudo\osloader\efiboot\MdeModulePkg\Library\DxeNetLib\DxeNetLib.inf [IA32]
  Building ... d:\_projects\merge\pseudo\osloader\efiboot\MdePkg\Library\UefiApplicationEntryPoint\UefiApplicationEntryPoint.inf [IA32]
  Building ... d:\_projects\merge\pseudo\osloader\efiboot\MdeModulePkg\Library\DxePrintLibPrint2Protocol\DxePrintLibPrint2Protocol.inf [IA32]
  Building ... d:\_projects\merge\pseudo\osloader\efiboot\MdePkg\Library\UefiScsiLib\UefiScsiLib.inf [IA32]
  Building ... d:\_projects\merge\pseudo\osloader\efiboot\MdeModulePkg\Library\UefiBootManagerLib\UefiBootManagerLib.inf [IA32]
  Building ... d:\_projects\merge\pseudo\osloader\efiboot\MdeModulePkg\Library\UefiSortLib\UefiSortLib.inf [IA32]
  Building ... d:\_projects\merge\pseudo\osloader\efiboot\MdeModulePkg\Library\DxeCapsuleLibNull\DxeCapsuleLibNull.inf [IA32]
  Building ... d:\_projects\merge\pseudo\osloader\efiboot\MdeModulePkg\Library\VarCheckUefiLib\VarCheckUefiLib.inf [IA32]
  Building ... d:\_projects\merge\pseudo\osloader\efiboot\MdeModulePkg\Library\AuthVariableLibNull\AuthVariableLibNull.inf [IA32]
  Building ... d:\_projects\merge\pseudo\osloader\efiboot\MdeModulePkg\Library\TpmMeasurementLibNull\TpmMeasurementLibNull.inf [IA32]
  Building ... d:\_projects\merge\pseudo\osloader\efiboot\MdeModulePkg\Library\VarCheckLib\VarCheckLib.inf [IA32]
  Building ... d:\_projects\merge\pseudo\osloader\efiboot\Nt32Pkg\Library\DxeNt32OemHookStatusCodeLib\DxeNt32OemHookStatusCodeLib.inf [IA32]
  Building ... d:\_projects\merge\pseudo\osloader\efiboot\MdePkg\Library\BaseSynchronizationLib\BaseSynchronizationLib.inf [IA32]
  Building ... d:\_projects\merge\pseudo\osloader\efiboot\MdeModulePkg\Library\UefiHiiLib\UefiHiiLib.inf [IA32]
  Building ... d:\_projects\merge\pseudo\osloader\efiboot\MdeModulePkg\Library\UefiHiiServicesLib\UefiHiiServicesLib.inf [IA32]
  Building ... d:\_projects\merge\pseudo\osloader\efiboot\MdeModulePkg\Library\DxeSecurityManagementLib\DxeSecurityManagementLib.inf [IA32]
  Building ... d:\_projects\merge\pseudo\osloader\efiboot\MdePkg\Library\DxeServicesTableLib\DxeServicesTableLib.inf [IA32]
  Building ... d:\_projects\merge\pseudo\osloader\efiboot\MdePkg\Library\BaseIoLibIntrinsic\BaseIoLibIntrinsic.inf [IA32]
  Building ... d:\_projects\merge\pseudo\osloader\efiboot\MdePkg\Library\UefiRuntimeLib\UefiRuntimeLib.inf [IA32]
  Building ... d:\_projects\merge\pseudo\osloader\efiboot\Nt32Pkg\Library\ResetSystemLib\ResetSystemLib.inf [IA32]
  Building ... d:\_projects\merge\pseudo\osloader\efiboot\Nt32Pkg\Library\DxeWinNtLib\DxeWinNtLib.inf [IA32]
  Building ... d:\_projects\merge\pseudo\osloader\efiboot\MdePkg\Library\DxePcdLib\DxePcdLib.inf [IA32]
  Building ... d:\_projects\merge\pseudo\osloader\efiboot\MdePkg\Library\UefiDriverEntryPoint\UefiDriverEntryPoint.inf [IA32]
  Building ... d:\_projects\merge\pseudo\osloader\efiboot\MdePkg\Library\UefiMemoryAllocationLib\UefiMemoryAllocationLib.inf [IA32]
  Building ... d:\_projects\merge\pseudo\osloader\efiboot\MdeModulePkg\Library\DxeCrc32GuidedSectionExtractLib\DxeCrc32GuidedSectionExtractLib.inf [IA32]
  Building ... d:\_projects\merge\pseudo\osloader\efiboot\MdeModulePkg\Library\CpuExceptionHandlerLibNull\CpuExceptionHandlerLibNull.inf [IA32]
  Building ... d:\_projects\merge\pseudo\osloader\efiboot\MdePkg\Library\DxeServicesLib\DxeServicesLib.inf [IA32]
  Building ... d:\_projects\merge\pseudo\osloader\efiboot\MdePkg\Library\BaseTimerLibNullTemplate\BaseTimerLibNullTemplate.inf [IA32]
  Building ... d:\_projects\merge\pseudo\osloader\efiboot\MdePkg\Library\BasePeCoffGetEntryPointLib\BasePeCoffGetEntryPointLib.inf [IA32]
  Building ... d:\_projects\merge\pseudo\osloader\efiboot\Nt32Pkg\Library\DxeNt32PeCoffExtraActionLib\DxeNt32PeCoffExtraActionLib.inf [IA32]
  Building ... d:\_projects\merge\pseudo\osloader\efiboot\MdePkg\Library\DxeExtractGuidedSectionLib\DxeExtractGuidedSectionLib.inf [IA32]
  Building ... d:\_projects\merge\pseudo\osloader\efiboot\MdeModulePkg\Library\DxeDebugPrintErrorLevelLib\DxeDebugPrintErrorLevelLib.inf [IA32]
  Building ... d:\_projects\merge\pseudo\osloader\efiboot\MdePkg\Library\DxeCoreHobLib\DxeCoreHobLib.inf [IA32]
  Building ... d:\_projects\merge\pseudo\osloader\efiboot\MdePkg\Library\DxeCoreEntryPoint\DxeCoreEntryPoint.inf [IA32]
  Building ... d:\_projects\merge\pseudo\osloader\efiboot\MdeModulePkg\Library\DxeCoreMemoryAllocationLib\DxeCoreMemoryAllocationLib.inf [IA32]
  Building ... d:\_projects\merge\pseudo\osloader\efiboot\MdePkg\Library\UefiDevicePathLib\UefiDevicePathLib.inf [IA32]
  Building ... d:\_projects\merge\pseudo\osloader\efiboot\MdeModulePkg\Library\DxeReportStatusCodeLib\DxeReportStatusCodeLib.inf [IA32]
  Building ... d:\_projects\merge\pseudo\osloader\efiboot\MdeModulePkg\Library\DebugAgentLibNull\DebugAgentLibNull.inf [IA32]
  Building ... d:\_projects\merge\pseudo\osloader\efiboot\IntelFrameworkModulePkg\Library\BaseUefiTianoCustomDecompressLib\BaseUefiTianoCustomDecompressLib.inf [IA32]
  Building ... d:\_projects\merge\pseudo\osloader\efiboot\MdePkg\Library\PeiExtractGuidedSectionLib\PeiExtractGuidedSectionLib.inf [IA32]
  Building ... d:\_projects\merge\pseudo\osloader\efiboot\MdePkg\Library\BaseSerialPortLibNull\BaseSerialPortLibNull.inf [IA32]
  Building ... d:\_projects\merge\pseudo\osloader\efiboot\MdePkg\Library\PeiPcdLib\PeiPcdLib.inf [IA32]
  Building ... d:\_projects\merge\pseudo\osloader\efiboot\MdePkg\Library\PeimEntryPoint\PeimEntryPoint.inf [IA32]
  Building ... d:\_projects\merge\pseudo\osloader\efiboot\MdePkg\Library\BaseCacheMaintenanceLib\BaseCacheMaintenanceLib.inf [IA32]
  Building ... d:\_projects\merge\pseudo\osloader\efiboot\MdePkg\Library\PeiCoreEntryPoint\PeiCoreEntryPoint.inf [IA32]
  Building ... d:\_projects\merge\pseudo\osloader\efiboot\MdePkg\Library\BasePerformanceLibNull\BasePerformanceLibNull.inf [IA32]
  Building ... d:\_projects\merge\pseudo\osloader\efiboot\Nt32Pkg\Library\Nt32PeiPeCoffGetEntryPointLib\Nt32PeiPeCoffGetEntryPointLib.inf [IA32]
  Building ... d:\_projects\merge\pseudo\osloader\efiboot\Nt32Pkg\Library\PeiNt32PeCoffExtraActionLib\PeiNt32PeCoffExtraActionLib.inf [IA32]
  Building ... d:\_projects\merge\pseudo\osloader\efiboot\MdePkg\Library\BaseMemoryLibOptPei\BaseMemoryLibOptPei.inf [IA32]
  Building ... d:\_projects\merge\pseudo\osloader\efiboot\MdePkg\Library\PeiHobLib\PeiHobLib.inf [IA32]
  Building ... d:\_projects\merge\pseudo\osloader\efiboot\MdeModulePkg\Library\PeiDxeDebugLibReportStatusCode\PeiDxeDebugLibReportStatusCode.inf [IA32]
  Building ... d:\_projects\merge\pseudo\osloader\efiboot\MdePkg\Library\BaseDebugPrintErrorLevelLib\BaseDebugPrintErrorLevelLib.inf [IA32]
  Building ... d:\_projects\merge\pseudo\osloader\efiboot\MdeModulePkg\Library\OemHookStatusCodeLibNull\OemHookStatusCodeLibNull.inf [IA32]
  Building ... d:\_projects\merge\pseudo\osloader\efiboot\Nt32Pkg\Sec\SecMain.inf [IA32]
  Building ... d:\_projects\merge\pseudo\osloader\efiboot\OSLDR\OSLDR.inf [IA32]
  Building ... d:\_projects\merge\pseudo\osloader\efiboot\ShellPkg\Application\Shell\Shell.inf [IA32]
  Building ... d:\_projects\merge\pseudo\osloader\efiboot\MdeModulePkg\Logo\LogoDxe.inf [IA32]
  Building ... d:\_projects\merge\pseudo\osloader\efiboot\MdeModulePkg\Application\BootManagerMenuApp\BootManagerMenuApp.inf [IA32]
  	"D:\Program Files (x86)\Microsoft Visual Studio 14.0\Vc\bin\link.exe" /out:"d:\_projects\merge\pseudo\osloader\efiboot\Build\NT32IA32\DEBUG_VS2015x86\IA32\SecMain.exe" /base:0x10000000 /pdb:"d:\_projects\merge\pseudo\osloader\efiboot\Build\NT32IA32\DEBUG_VS2015x86\IA32\SecMain.pdb" /LIBPATH:"D:\Program Files (x86)\Microsoft Visual Studio 14.0\VC\\Lib" /LIBPATH:"D:\Program Files (x86)\Microsoft Visual Studio 14.0\VC\\PlatformSdk\Lib" /LIBPATH:"%UniversalCRTSdkDir%lib\%UCRTVersion%\ucrt\x86" /LIBPATH:"%WindowsSdkDir%lib\%WindowsSDKLibVersion%\um\x86" /NOLOGO /SUBSYSTEM:CONSOLE /NODEFAULTLIB /IGNORE:4086 /MAP /OPT:REF /DEBUG /MACHINE:I386 /LTCG Kernel32.lib MSVCRTD.lib vcruntimed.lib ucrtd.lib Gdi32.lib User32.lib Winmm.lib Advapi32.lib /EXPORT:InitializeDriver=_ModuleEntryPoint /BASE:0x10000 /ALIGN:4096 /FILEALIGN:4096 /SUBSYSTEM:CONSOLE  @d:\_projects\merge\pseudo\osloader\efiboot\Build\NT32IA32\DEBUG_VS2015x86\IA32\Nt32Pkg\Sec\SecMain\OUTPUT\static_library_files.lst
  Building ... d:\_projects\merge\pseudo\osloader\efiboot\MdeModulePkg\Universal\LoadFileOnFv2\LoadFileOnFv2.inf [IA32]
  Building ... d:\_projects\merge\pseudo\osloader\efiboot\MdeModulePkg\Universal\PlatformDriOverrideDxe\PlatformDriOverrideDxe.inf [IA32]
  Building ... d:\_projects\merge\pseudo\osloader\efiboot\MdeModulePkg\Application\VariableInfo\VariableInfo.inf [IA32]
  Building ... d:\_projects\merge\pseudo\osloader\efiboot\MdeModulePkg\Universal\DriverSampleDxe\DriverSampleDxe.inf [IA32]
  Building ... d:\_projects\merge\pseudo\osloader\efiboot\MdeModulePkg\Universal\PrintDxe\PrintDxe.inf [IA32]
  Building ... d:\_projects\merge\pseudo\osloader\efiboot\MdeModulePkg\Universal\SetupBrowserDxe\SetupBrowserDxe.inf [IA32]
  Building ... d:\_projects\merge\pseudo\osloader\efiboot\MdeModulePkg\Universal\DisplayEngineDxe\DisplayEngineDxe.inf [IA32]
  Building ... d:\_projects\merge\pseudo\osloader\efiboot\MdeModulePkg\Universal\HiiDatabaseDxe\HiiDatabaseDxe.inf [IA32]
  Building ... d:\_projects\merge\pseudo\osloader\efiboot\MdeModulePkg\Universal\DriverHealthManagerDxe\DriverHealthManagerDxe.inf [IA32]
  Building ... d:\_projects\merge\pseudo\osloader\efiboot\MdeModulePkg\Application\UiApp\UiApp.inf [IA32]
  Building ... d:\_projects\merge\pseudo\osloader\efiboot\MdeModulePkg\Universal\BdsDxe\BdsDxe.inf [IA32]
  Building ... d:\_projects\merge\pseudo\osloader\efiboot\NetworkPkg\HttpUtilitiesDxe\HttpUtilitiesDxe.inf [IA32]
  Building ... d:\_projects\merge\pseudo\osloader\efiboot\NetworkPkg\HttpDxe\HttpDxe.inf [IA32]
  Building ... d:\_projects\merge\pseudo\osloader\efiboot\NetworkPkg\DnsDxe\DnsDxe.inf [IA32]
  Building ... d:\_projects\merge\pseudo\osloader\efiboot\NetworkPkg\HttpBootDxe\HttpBootDxe.inf [IA32]
  Building ... d:\_projects\merge\pseudo\osloader\efiboot\MdeModulePkg\Universal\Network\IScsiDxe\IScsiDxe.inf [IA32]
  Building ... d:\_projects\merge\pseudo\osloader\efiboot\MdeModulePkg\Universal\Network\UefiPxeBcDxe\UefiPxeBcDxe.inf [IA32]
  Building ... d:\_projects\merge\pseudo\osloader\efiboot\MdeModulePkg\Universal\Network\Tcp4Dxe\Tcp4Dxe.inf [IA32]
  Building ... d:\_projects\merge\pseudo\osloader\efiboot\Nt32Pkg\SnpNt32Dxe\SnpNt32Dxe.inf [IA32]
LINK : warning LNK4108: /ALIGN specified without /DRIVER; image may not run
  Building ... d:\_projects\merge\pseudo\osloader\efiboot\MdeModulePkg\Universal\Network\Udp4Dxe\Udp4Dxe.inf [IA32]
  Building ... d:\_projects\merge\pseudo\osloader\efiboot\MdeModulePkg\Universal\Network\Mtftp4Dxe\Mtftp4Dxe.inf [IA32]
  Building ... d:\_projects\merge\pseudo\osloader\efiboot\MdeModulePkg\Universal\Network\VlanConfigDxe\VlanConfigDxe.inf [IA32]
  Building ... d:\_projects\merge\pseudo\osloader\efiboot\MdeModulePkg\Universal\Network\MnpDxe\MnpDxe.inf [IA32]
  Building ... d:\_projects\merge\pseudo\osloader\efiboot\MdeModulePkg\Universal\Network\Ip4Dxe\Ip4Dxe.inf [IA32]
  Building ... d:\_projects\merge\pseudo\osloader\efiboot\MdeModulePkg\Universal\Network\Dhcp4Dxe\Dhcp4Dxe.inf [IA32]
LINK : warning LNK4001: no object files specified; libraries used
  Building ... d:\_projects\merge\pseudo\osloader\efiboot\MdeModulePkg\Universal\Network\ArpDxe\ArpDxe.inf [IA32]
  Building ... d:\_projects\merge\pseudo\osloader\efiboot\MdeModulePkg\Universal\Network\DpcDxe\DpcDxe.inf [IA32]
  Building ... d:\_projects\merge\pseudo\osloader\efiboot\MdeModulePkg\Application\HelloWorld\HelloWorld.inf [IA32]
  Building ... d:\_projects\merge\pseudo\osloader\efiboot\Nt32Pkg\WinNtSimpleFileSystemDxe\WinNtSimpleFileSystemDxe.inf [IA32]
  Building ... d:\_projects\merge\pseudo\osloader\efiboot\Nt32Pkg\WinNtGopDxe\WinNtGopDxe.inf [IA32]
  Building ... d:\_projects\merge\pseudo\osloader\efiboot\Nt32Pkg\WinNtSerialIoDxe\WinNtSerialIoDxe.inf [IA32]
  Building ... d:\_projects\merge\pseudo\osloader\efiboot\Nt32Pkg\WinNtBlockIoDxe\WinNtBlockIoDxe.inf [IA32]
  Building ... d:\_projects\merge\pseudo\osloader\efiboot\Nt32Pkg\WinNtBusDriverDxe\WinNtBusDriverDxe.inf [IA32]
  Building ... d:\_projects\merge\pseudo\osloader\efiboot\IntelFrameworkModulePkg\Bus\Pci\IdeBusDxe\IdeBusDxe.inf [IA32]
  Building ... d:\_projects\merge\pseudo\osloader\efiboot\MdeModulePkg\Bus\Scsi\ScsiDiskDxe\ScsiDiskDxe.inf [IA32]
  Building ... d:\_projects\merge\pseudo\osloader\efiboot\MdeModulePkg\Bus\Scsi\ScsiBusDxe\ScsiBusDxe.inf [IA32]
  Building ... d:\_projects\merge\pseudo\osloader\efiboot\MdeModulePkg\Bus\Pci\PciBusDxe\PciBusDxe.inf [IA32]
  Building ... d:\_projects\merge\pseudo\osloader\efiboot\FatPkg\EnhancedFatDxe\Fat.inf [IA32]
  Building ... d:\_projects\merge\pseudo\osloader\efiboot\MdeModulePkg\Universal\Disk\UnicodeCollation\EnglishDxe\EnglishDxe.inf [IA32]
  Building ... d:\_projects\merge\pseudo\osloader\efiboot\MdeModulePkg\Universal\Disk\PartitionDxe\PartitionDxe.inf [IA32]
  Building ... d:\_projects\merge\pseudo\osloader\efiboot\MdeModulePkg\Universal\Disk\DiskIoDxe\DiskIoDxe.inf [IA32]
  Building ... d:\_projects\merge\pseudo\osloader\efiboot\MdeModulePkg\Universal\DevicePathDxe\DevicePathDxe.inf [IA32]
  Building ... d:\_projects\merge\pseudo\osloader\efiboot\MdeModulePkg\Universal\Console\TerminalDxe\TerminalDxe.inf [IA32]
  Building ... d:\_projects\merge\pseudo\osloader\efiboot\MdeModulePkg\Universal\Console\GraphicsConsoleDxe\GraphicsConsoleDxe.inf [IA32]
  Building ... d:\_projects\merge\pseudo\osloader\efiboot\MdeModulePkg\Universal\Console\ConSplitterDxe\ConSplitterDxe.inf [IA32]
  Building ... d:\_projects\merge\pseudo\osloader\efiboot\MdeModulePkg\Universal\Console\ConPlatformDxe\ConPlatformDxe.inf [IA32]
  Building ... d:\_projects\merge\pseudo\osloader\efiboot\MdeModulePkg\Universal\CapsuleRuntimeDxe\CapsuleRuntimeDxe.inf [IA32]
  Building ... d:\_projects\merge\pseudo\osloader\efiboot\MdeModulePkg\Universal\MonotonicCounterRuntimeDxe\MonotonicCounterRuntimeDxe.inf [IA32]
  Building ... d:\_projects\merge\pseudo\osloader\efiboot\MdeModulePkg\Universal\WatchdogTimerDxe\WatchdogTimer.inf [IA32]
  Building ... d:\_projects\merge\pseudo\osloader\efiboot\MdeModulePkg\Universal\Variable\RuntimeDxe\VariableRuntimeDxe.inf [IA32]
  Building ... d:\_projects\merge\pseudo\osloader\efiboot\Nt32Pkg\WinNtOemHookStatusCodeHandlerDxe\WinNtOemHookStatusCodeHandlerDxe.inf [IA32]
  Building ... d:\_projects\merge\pseudo\osloader\efiboot\MdeModulePkg\Universal\StatusCodeHandler\RuntimeDxe\StatusCodeHandlerRuntimeDxe.inf [IA32]
  Building ... d:\_projects\merge\pseudo\osloader\efiboot\MdeModulePkg\Universal\ReportStatusCodeRouter\RuntimeDxe\ReportStatusCodeRouterRuntimeDxe.inf [IA32]
     Creating library d:\_projects\merge\pseudo\osloader\efiboot\Build\NT32IA32\DEBUG_VS2015x86\IA32\SecMain.lib and object d:\_projects\merge\pseudo\osloader\efiboot\Build\NT32IA32\DEBUG_VS2015x86\IA32\SecMain.exp
  Generating code
  Building ... d:\_projects\merge\pseudo\osloader\efiboot\Nt32Pkg\TimerDxe\TimerDxe.inf [IA32]
  Building ... d:\_projects\merge\pseudo\osloader\efiboot\Nt32Pkg\MiscSubClassPlatformDxe\MiscSubClassPlatformDxe.inf [IA32]
  Building ... d:\_projects\merge\pseudo\osloader\efiboot\MdeModulePkg\Universal\FaultTolerantWriteDxe\FaultTolerantWriteDxe.inf [IA32]
  Building ... d:\_projects\merge\pseudo\osloader\efiboot\Nt32Pkg\CpuRuntimeDxe\CpuRuntimeDxe.inf [IA32]
  Building ... d:\_projects\merge\pseudo\osloader\efiboot\Nt32Pkg\WinNtThunkDxe\WinNtThunkDxe.inf [IA32]
  Building ... d:\_projects\merge\pseudo\osloader\efiboot\MdeModulePkg\Universal\MemoryTest\NullMemoryTestDxe\NullMemoryTestDxe.inf [IA32]
  Building ... d:\_projects\merge\pseudo\osloader\efiboot\MdeModulePkg\Universal\EbcDxe\EbcDxe.inf [IA32]
  Building ... d:\_projects\merge\pseudo\osloader\efiboot\MdeModulePkg\Universal\SmbiosDxe\SmbiosDxe.inf [IA32]
  Building ... d:\_projects\merge\pseudo\osloader\efiboot\MdeModulePkg\Universal\SecurityStubDxe\SecurityStubDxe.inf [IA32]
  Building ... d:\_projects\merge\pseudo\osloader\efiboot\Nt32Pkg\FvbServicesRuntimeDxe\FvbServicesRuntimeDxe.inf [IA32]
  Building ... d:\_projects\merge\pseudo\osloader\efiboot\MdeModulePkg\Core\RuntimeDxe\RuntimeDxe.inf [IA32]
  Building ... d:\_projects\merge\pseudo\osloader\efiboot\MdeModulePkg\Universal\ResetSystemRuntimeDxe\ResetSystemRuntimeDxe.inf [IA32]
  Building ... d:\_projects\merge\pseudo\osloader\efiboot\Nt32Pkg\RealTimeClockRuntimeDxe\RealTimeClockRuntimeDxe.inf [IA32]
  Building ... d:\_projects\merge\pseudo\osloader\efiboot\Nt32Pkg\MetronomeDxe\MetronomeDxe.inf [IA32]
  Building ... d:\_projects\merge\pseudo\osloader\efiboot\MdeModulePkg\Universal\PCD\Dxe\Pcd.inf [IA32]
  Building ... d:\_projects\merge\pseudo\osloader\efiboot\MdeModulePkg\Core\Dxe\DxeMain.inf [IA32]
  Building ... d:\_projects\merge\pseudo\osloader\efiboot\MdeModulePkg\Core\DxeIplPeim\DxeIpl.inf [IA32]
  Building ... d:\_projects\merge\pseudo\osloader\efiboot\Nt32Pkg\WinNtThunkPPIToProtocolPei\WinNtThunkPPIToProtocolPei.inf [IA32]
  Building ... d:\_projects\merge\pseudo\osloader\efiboot\Nt32Pkg\WinNtFirmwareVolumePei\WinNtFirmwareVolumePei.inf [IA32]
  Building ... d:\_projects\merge\pseudo\osloader\efiboot\Nt32Pkg\WinNtAutoScanPei\WinNtAutoScanPei.inf [IA32]
  Building ... d:\_projects\merge\pseudo\osloader\efiboot\MdeModulePkg\Universal\Variable\Pei\VariablePei.inf [IA32]
  Building ... d:\_projects\merge\pseudo\osloader\efiboot\MdeModulePkg\Universal\FaultTolerantWritePei\FaultTolerantWritePei.inf [IA32]
  Building ... d:\_projects\merge\pseudo\osloader\efiboot\Nt32Pkg\WinNtFlashMapPei\WinNtFlashMapPei.inf [IA32]
  Building ... d:\_projects\merge\pseudo\osloader\efiboot\Nt32Pkg\StallPei\StallPei.inf [IA32]
  Building ... d:\_projects\merge\pseudo\osloader\efiboot\Nt32Pkg\BootModePei\BootModePei.inf [IA32]
  Building ... d:\_projects\merge\pseudo\osloader\efiboot\Nt32Pkg\WinNtOemHookStatusCodeHandlerPei\WinNtOemHookStatusCodeHandlerPei.inf [IA32]
  Building ... d:\_projects\merge\pseudo\osloader\efiboot\MdeModulePkg\Universal\StatusCodeHandler\Pei\StatusCodeHandlerPei.inf [IA32]
  Building ... d:\_projects\merge\pseudo\osloader\efiboot\MdeModulePkg\Universal\ReportStatusCodeRouter\Pei\ReportStatusCodeRouterPei.inf [IA32]
  Building ... d:\_projects\merge\pseudo\osloader\efiboot\MdeModulePkg\Universal\PCD\Pei\Pcd.inf [IA32]
  Building ... d:\_projects\merge\pseudo\osloader\efiboot\MdeModulePkg\Core\Pei\PeiMain.inf [IA32]
  Finished generating code
  
  Fd File Name:NT32 (d:\_projects\merge\pseudo\osloader\efiboot\Build\NT32IA32\DEBUG_VS2015x86\FV\NT32.fd)
  
  Generate Region at Offset 0x0
     Region Size = 0x460000
     Region Name = FV
  
  Generating FVRECOVERY FV
  
  Generate Region at Offset 0x460000
     Region Size = 0xC000
     Region Name = DATA
  
  Generate Region at Offset 0x46C000
     Region Size = 0x2000
     Region Name = None
  
  Generate Region at Offset 0x46E000
     Region Size = 0x2000
     Region Name = DATA
  
  Generate Region at Offset 0x470000
     Region Size = 0x10000
     Region Name = None
  
  GUID cross reference file can be found at d:\_projects\merge\pseudo\osloader\efiboot\Build\NT32IA32\DEBUG_VS2015x86\FV\Guid.xref
  
  FV Space Information
  FVRECOVERY [45%Full] 4587520 total, 2095168 used, 2492352 free
  
  - Done -
  Build end time: 19:59:30, Aug.10 2018
  Build total time: 00:00:23
  
  지정된 파일을 찾을 수 없습니다.
C:\Program Files (x86)\MSBuild\Microsoft.Cpp\v4.0\V140\Microsoft.MakeFile.Targets(41,5): error MSB3073: The command "call build_helper.bat X86 DEBUG
C:\Program Files (x86)\MSBuild\Microsoft.Cpp\v4.0\V140\Microsoft.MakeFile.Targets(41,5): error MSB3073: " exited with code 1.
